<?xml version="1.0" encoding="UTF-8"?>
<!-- Generated by org.testng.reporters.JUnitReportReporter -->
<testsuite hostname="DESKTOP-CM1SIB5" name="com.demo.day02.Demo3" tests="1" failures="0" timestamp="24 Dec 2019 23:15:23 GMT" time="4.205" errors="0">
  <testcase name="f" time="4.205" classname="com.demo.day02.Demo3"/>
</testsuite> <!-- com.demo.day02.Demo3 -->
