<?xml version="1.0" encoding="UTF-8"?>
<!-- Generated by org.testng.reporters.JUnitReportReporter -->
<testsuite hostname="DESKTOP-CM1SIB5" name="com.demo.day02.Demo1" tests="1" failures="0" timestamp="25 Dec 2019 00:28:00 GMT" time="14.019" errors="0">
  <testcase name="f" time="14.019" classname="com.demo.day02.Demo1"/>
</testsuite> <!-- com.demo.day02.Demo1 -->
