<?xml version="1.0" encoding="UTF-8"?>
<testsuite name="TestSuite" time="14.019" tests="1" errors="0" skipped="0" failures="0">
  <properties>
    <property name="PROCESSOR_ARCHITECTURE" value="AMD64"/>
    <property name="file.encoding.pkg" value="sun.io"/>
    <property name="LOGONSERVER" value="\\DESKTOP-CM1SIB5"/>
    <property name="ProgramData" value="C:\ProgramData"/>
    <property name="java.home" value="D:\Program Files\Java\jdk1.8.0_172\jre"/>
    <property name="TITLE" value="Tomcat"/>
    <property name="NODE_NAME" value="master"/>
    <property name="JENKINS_URL" value="http://localhost:8080/jenkins/"/>
    <property name="CATALINA_HOME" value="D:\apache-tomcat-9.0.30"/>
    <property name="ALLUSERSPROFILE" value="C:\ProgramData"/>
    <property name="java.endorsed.dirs" value="D:\Program Files\Java\jdk1.8.0_172\jre\lib\endorsed"/>
    <property name="PSModulePath" value="C:\Program Files\WindowsPowerShell\Modules;C:\WINDOWS\system32\WindowsPowerShell\v1.0\Modules"/>
    <property name="=::" value="::\"/>
    <property name="USERDOMAIN" value="DESKTOP-CM1SIB5"/>
    <property name="sun.os.patch.level" value=""/>
    <property name="java.vendor.url" value="http://java.oracle.com/"/>
    <property name="JAVA_OPTS" value=" -Djdk.tls.ephemeralDHKeySize=2048 -Djava.protocol.handler.pkgs=org.apache.catalina.webresources"/>
    <property name="CommonProgramFiles(x86)" value="C:\Program Files (x86)\Common Files"/>
    <property name="java.version" value="1.8.0_172"/>
    <property name="JOB_NAME" value="webDriverMaven"/>
    <property name="COMPUTERNAME" value="DESKTOP-CM1SIB5"/>
    <property name="PyCharm" value="d:\PyCharm 2018.3.5\bin;"/>
    <property name="EXECUTABLE" value="D:\apache-tomcat-9.0.30\bin\catalina.bat"/>
    <property name="ANDROID_HOME" value="F:\adt-bundle-windows-sdk\sdk"/>
    <property name="java.vendor.url.bug" value="http://bugreport.sun.com/bugreport/"/>
    <property name="PUBLIC" value="C:\Users\Public"/>
    <property name="user.name" value="yaowei"/>
    <property name="sun.io.unicode.encoding" value="UnicodeLittle"/>
    <property name="sun.jnu.encoding" value="GBK"/>
    <property name="java.runtime.name" value="Java(TM) SE Runtime Environment"/>
    <property name="windir" value="C:\WINDOWS"/>
    <property name="PROCESSOR_IDENTIFIER" value="Intel64 Family 6 Model 142 Stepping 10, GenuineIntel"/>
    <property name="java.specification.name" value="Java Platform API Specification"/>
    <property name="LOCALAPPDATA" value="C:\Users\yaowe\AppData\Local"/>
    <property name="RUN_CHANGES_DISPLAY_URL" value="http://localhost:8080/jenkins/job/webDriverMaven/6/display/redirect?page=changes"/>
    <property name="user.timezone" value="Asia/Shanghai"/>
    <property name="user.script" value=""/>
    <property name="path.separator" value=";"/>
    <property name="NUMBER_OF_PROCESSORS" value="8"/>
    <property name="BUILD_TAG" value="jenkins-webDriverMaven-6"/>
    <property name="file.encoding" value="GBK"/>
    <property name="sun.java.command" value="org.jvnet.hudson.maven3.agent.Maven3Main D:\apache-maven-3.0.5 D:\apache-tomcat-9.0.30\webapps\jenkins\WEB-INF\lib\remoting-3.36.jar C:\Users\yaowe\.jenkins\plugins\maven-plugin\WEB-INF\lib\maven3-interceptor-1.13.jar C:\Users\yaowe\.jenkins\plugins\maven-plugin\WEB-INF\lib\maven3-interceptor-commons-1.13.jar 55021"/>
    <property name="HUDSON_URL" value="http://localhost:8080/jenkins/"/>
    <property name="JENKINS_SERVER_COOKIE" value="5530e2e10a0bb014"/>
    <property name="=D:" value="D:\apache-tomcat-9.0.30\bin"/>
    <property name="EXECUTOR_NUMBER" value="1"/>
    <property name="Path" value="D:\Program Files\Java\jdk1.8.0_172/bin;D:\apache-maven-3.0.5\bin;D:\Program Files\Java\jdk1.8.0_172\bin;D:\Program Files\Java\jdk1.8.0_172\jre\bin;C:\WINDOWS\system32;C:\WINDOWS;C:\WINDOWS\System32\Wbem;C:\WINDOWS\System32\WindowsPowerShell\v1.0\;C:\WINDOWS\System32\OpenSSH\;D:\Program Files (x86)\MySQL\MySQL Server 5.1\bin;&quot;%CATALINA_HOME%\bin;&quot;;&quot;%CATALINA_HOME%\lib;%CATALINA_HOME%\bin&quot;;d:\Program Files\Git\cmd;F:\adt-bundle-windows-sdk\sdk\build-tools;F:\adt-bundle-windows-sdk\sdk\platform-tools;F:\adt-bundle-windows-sdk\sdk\tools;D:\Python38\Scripts\;D:\Python38\;C:\Users\yaowe\AppData\Local\Microsoft\WindowsApps;d:\PyCharm 2018.3.5\bin;;d:\PyCharm  2019.1.2\bin;;"/>
    <property name="java.io.tmpdir" value="C:\Users\yaowe\AppData\Local\Temp\"/>
    <property name="APPDATA" value="C:\Users\yaowe\AppData\Roaming"/>
    <property name="user.language" value="zh"/>
    <property name="CATALINA_TMPDIR" value="D:\apache-tomcat-9.0.30\temp"/>
    <property name="line.separator" value="&#10;"/>
    <property name="WINDROYEBOX_CFPATH" value="C:\ProgramData\WindroyeBox\.WindroyeBox"/>
    <property name="BUILD_URL" value="http://localhost:8080/jenkins/job/webDriverMaven/6/"/>
    <property name="ACTION" value="start"/>
    <property name="M2_HOME" value="D:\apache-maven-3.0.5"/>
    <property name="java.vm.info" value="mixed mode"/>
    <property name="DriverData" value="C:\Windows\System32\Drivers\DriverData"/>
    <property name="sun.desktop" value="windows"/>
    <property name="java.vm.specification.name" value="Java Virtual Machine Specification"/>
    <property name="BUILD_DISPLAY_NAME" value="#6"/>
    <property name="OS" value="Windows_NT"/>
    <property name="guice.disable.misplaced.annotation.check" value="true"/>
    <property name="CATALINA_BASE" value="D:\apache-tomcat-9.0.30"/>
    <property name="HUDSON_SERVER_COOKIE" value="5530e2e10a0bb014"/>
    <property name="JRE_HOME" value="D:\Program Files\Java\jdk1.8.0_172"/>
    <property name="_EXECJAVA" value="start &quot;Tomcat&quot; &quot;D:\Program Files\Java\jdk1.8.0_172\bin\java.exe&quot;"/>
    <property name="_RUNJAVA" value="&quot;D:\Program Files\Java\jdk1.8.0_172\bin\java.exe&quot;"/>
    <property name="MAVEN_HOME" value="D:\apache-maven-3.0.5"/>
    <property name="SESSIONNAME" value="Console"/>
    <property name="PATHEXT" value=".COM;.EXE;.BAT;.CMD;.VBS;.VBE;.JS;.JSE;.WSF;.WSH;.MSC"/>
    <property name="java.awt.printerjob" value="sun.awt.windows.WPrinterJob"/>
    <property name="maven3.interceptor.common" value="C:\Users\yaowe\.jenkins\plugins\maven-plugin\WEB-INF\lib\maven3-interceptor-commons-1.13.jar"/>
    <property name="CLASSPATH" value=""/>
    <property name="LOGGING_CONFIG" value="-Djava.util.logging.config.file=&quot;D:\apache-tomcat-9.0.30\conf\logging.properties&quot;"/>
    <property name="PyCharm Community Edition" value="d:\PyCharm  2019.1.2\bin;"/>
    <property name="HOMEPATH" value="\Users\yaowe"/>
    <property name="os.name" value="Windows 10"/>
    <property name="java.specification.vendor" value="Oracle Corporation"/>
    <property name="LNKEVN" value="C:\Program Files (x86)\Internet Explorer\iexplore.exe"/>
    <property name="java.vm.name" value="Java HotSpot(TM) 64-Bit Server VM"/>
    <property name="BUILD_NUMBER" value="6"/>
    <property name="maven3.interceptor" value="C:\Users\yaowe\.jenkins\plugins\maven-plugin\WEB-INF\lib\maven3-interceptor-1.13.jar"/>
    <property name="java.library.path" value="D:\Program Files\Java\jdk1.8.0_172\bin;C:\WINDOWS\Sun\Java\bin;C:\WINDOWS\system32;C:\WINDOWS;D:\apache-maven-3.0.5/bin;D:\Program Files\Java\jdk1.8.0_172/bin;D:\Program Files\Java\jdk1.8.0_172/bin;D:\apache-maven-3.0.5\bin;D:\Program Files\Java\jdk1.8.0_172\bin;D:\Program Files\Java\jdk1.8.0_172\jre\bin;C:\WINDOWS\system32;C:\WINDOWS;C:\WINDOWS\System32\Wbem;C:\WINDOWS\System32\WindowsPowerShell\v1.0\;C:\WINDOWS\System32\OpenSSH\;D:\Program Files (x86)\MySQL\MySQL Server 5.1\bin;&quot;%CATALINA_HOME%\bin;&quot;;&quot;%CATALINA_HOME%\lib;%CATALINA_HOME%\bin&quot;;d:\Program Files\Git\cmd;F:\adt-bundle-windows-sdk\sdk\build-tools;F:\adt-bundle-windows-sdk\sdk\platform-tools;F:\adt-bundle-windows-sdk\sdk\tools;D:\Python38\Scripts\;D:\Python38\;C:\Users\yaowe\AppData\Local\Microsoft\WindowsApps;d:\PyCharm 2018.3.5\bin;;d:\PyCharm  2019.1.2\bin;;;."/>
    <property name="HOMEDRIVE" value="C:"/>
    <property name="POM_GROUPID" value="com.demo"/>
    <property name="POM_ARTIFACTID" value="proc"/>
    <property name="java.class.version" value="52.0"/>
    <property name="JSSE_OPTS" value="-Djdk.tls.ephemeralDHKeySize=2048"/>
    <property name="LOGGING_MANAGER" value="-Djava.util.logging.manager=org.apache.juli.ClassLoaderLogManager"/>
    <property name="_RUNJDB" value="&quot;D:\Program Files\Java\jdk1.8.0_172\bin\jdb.exe&quot;"/>
    <property name="JOB_URL" value="http://localhost:8080/jenkins/job/webDriverMaven/"/>
    <property name="OneDrive" value="C:\Users\yaowe\OneDrive"/>
    <property name="RUN_DISPLAY_URL" value="http://localhost:8080/jenkins/job/webDriverMaven/6/display/redirect"/>
    <property name="VBOX_MSI_INSTALL_PATH" value="C:\Program Files\Oracle\VirtualBox\"/>
    <property name="MAINCLASS" value="org.apache.catalina.startup.Bootstrap"/>
    <property name="JENKINS_HOME" value="C:\Users\yaowe\.jenkins"/>
    <property name="BUILD_ID" value="6"/>
    <property name="TEMP" value="C:\Users\yaowe\AppData\Local\Temp"/>
    <property name="sun.boot.library.path" value="D:\Program Files\Java\jdk1.8.0_172\jre\bin"/>
    <property name="JDK_JAVA_OPTIONS" value=" --add-opens=java.base/java.lang=ALL-UNNAMED --add-opens=java.base/java.io=ALL-UNNAMED --add-opens=java.rmi/sun.rmi.transport=ALL-UNNAMED"/>
    <property name="sun.management.compiler" value="HotSpot 64-Bit Tiered Compilers"/>
    <property name="java.awt.graphicsenv" value="sun.awt.Win32GraphicsEnvironment"/>
    <property name="user.variant" value=""/>
    <property name="PROCESSOR_REVISION" value="8e0a"/>
    <property name="POM_VERSION" value="1.0-SNAPSHOT"/>
    <property name="HUDSON_HOME" value="C:\Users\yaowe\.jenkins"/>
    <property name="ProgramFiles(x86)" value="C:\Program Files (x86)"/>
    <property name="PATH+MAVEN" value="D:\apache-maven-3.0.5/bin"/>
    <property name="USERDOMAIN_ROAMINGPROFILE" value="DESKTOP-CM1SIB5"/>
    <property name="PROMPT" value="$P$G"/>
    <property name="CURRENT_DIR" value="D:\apache-tomcat-9.0.30\bin"/>
    <property name="java.vm.specification.version" value="1.8"/>
    <property name="JAVA_HOME" value="D:\Program Files\Java\jdk1.8.0_172"/>
    <property name="awt.toolkit" value="sun.awt.windows.WToolkit"/>
    <property name="NODE_LABELS" value="master"/>
    <property name="sun.cpu.isalist" value="amd64"/>
    <property name="USERPROFILE" value="C:\Users\yaowe"/>
    <property name="JOB_DISPLAY_URL" value="http://localhost:8080/jenkins/job/webDriverMaven/display/redirect"/>
    <property name="java.ext.dirs" value="D:\Program Files\Java\jdk1.8.0_172\jre\lib\ext;C:\WINDOWS\Sun\Java\lib\ext"/>
    <property name="os.version" value="10.0"/>
    <property name="user.home" value="C:\Users\yaowe"/>
    <property name="USERNAME" value="yaowei"/>
    <property name="java.vm.vendor" value="Oracle Corporation"/>
    <property name="PROCESSOR_LEVEL" value="6"/>
    <property name="CommonProgramW6432" value="C:\Program Files\Common Files"/>
    <property name="user.dir" value="D:\IDEAworkspace\proc"/>
    <property name="ProgramW6432" value="C:\Program Files"/>
    <property name="TMP" value="C:\Users\yaowe\AppData\Local\Temp"/>
    <property name="sun.cpu.endian" value="little"/>
    <property name="SystemDrive" value="C:"/>
    <property name="java.vm.version" value="25.172-b11"/>
    <property name="java.class.path" value="C:\Users\yaowe\.jenkins\plugins\maven-plugin\WEB-INF\lib\maven3-agent-1.13.jar;D:\apache-maven-3.0.5\boot\plexus-classworlds-2.4.jar"/>
    <property name="os.arch" value="amd64"/>
    <property name="WORKSPACE" value="C:\Users\yaowe\.jenkins\workspace\webDriverMaven"/>
    <property name="ComSpec" value="C:\WINDOWS\system32\cmd.exe"/>
    <property name="sun.java.launcher" value="SUN_STANDARD"/>
    <property name="FPS_BROWSER_APP_PROFILE_STRING" value="Internet Explorer"/>
    <property name="SystemRoot" value="C:\WINDOWS"/>
    <property name="CommonProgramFiles" value="C:\Program Files\Common Files"/>
    <property name="java.vm.specification.vendor" value="Oracle Corporation"/>
    <property name="FPS_BROWSER_USER_PROFILE_STRING" value="Default"/>
    <property name="file.separator" value="\"/>
    <property name="java.runtime.version" value="1.8.0_172-b11"/>
    <property name="sun.boot.class.path" value="D:\Program Files\Java\jdk1.8.0_172\jre\lib\resources.jar;D:\Program Files\Java\jdk1.8.0_172\jre\lib\rt.jar;D:\Program Files\Java\jdk1.8.0_172\jre\lib\sunrsasign.jar;D:\Program Files\Java\jdk1.8.0_172\jre\lib\jsse.jar;D:\Program Files\Java\jdk1.8.0_172\jre\lib\jce.jar;D:\Program Files\Java\jdk1.8.0_172\jre\lib\charsets.jar;D:\Program Files\Java\jdk1.8.0_172\jre\lib\jfr.jar;D:\Program Files\Java\jdk1.8.0_172\jre\classes"/>
    <property name="ProgramFiles" value="C:\Program Files"/>
    <property name="PATH+JDK" value="D:\Program Files\Java\jdk1.8.0_172/bin"/>
    <property name="user.country" value="CN"/>
    <property name="POM_PACKAGING" value="war"/>
    <property name="maven.home" value="D:\apache-maven-3.0.5"/>
    <property name="ENDORSED_PROP" value="ignore.endorsed.dirs"/>
    <property name="JOB_BASE_NAME" value="webDriverMaven"/>
    <property name="java.vendor" value="Oracle Corporation"/>
    <property name="POM_DISPLAYNAME" value="proc Maven Webapp"/>
    <property name="java.specification.version" value="1.8"/>
    <property name="sun.arch.data.model" value="64"/>
  </properties>
  <testcase name="f" classname="com.demo.day02.Demo1" time="14.019"/>
</testsuite>